app/build/intermediates/manifest_merge_blame_file/debug/processDebugMainManifest/manifest-merger-blame-debug-report.txt
1<?xml version="1.0" encoding="utf-8"?>
2<manifest xmlns:android="http://schemas.android.com/apk/res/android"
3    package="com.owner.juicesshofflinepro"
4    android:versionCode="1"
5    android:versionName="1.0" >
6
7    <uses-sdk
8        android:minSdkVersion="26"
9        android:targetSdkVersion="35" />
10
11    <application
11-->src/main/AndroidManifest.xml:3:5-12:19
12        android:allowBackup="false"
12-->src/main/AndroidManifest.xml:4:9-36
13        android:debuggable="true"
14        android:description="@string/module_description"
14-->src/main/AndroidManifest.xml:5:9-57
15        android:extractNativeLibs="false"
15-->src/main/AndroidManifest.xml:6:9-42
16        android:label="@string/app_name"
16-->src/main/AndroidManifest.xml:7:9-41
17        android:theme="@style/AppTheme" >
17-->src/main/AndroidManifest.xml:8:9-40
18        <meta-data
18-->src/main/AndroidManifest.xml:9:9-71
19            android:name="xposedmodule"
19-->src/main/AndroidManifest.xml:9:20-47
20            android:value="true" />
20-->src/main/AndroidManifest.xml:9:48-68
21        <meta-data
21-->src/main/AndroidManifest.xml:10:9-134
22            android:name="xposeddescription"
22-->src/main/AndroidManifest.xml:10:20-52
23            android:value="Keeps your legitimate JuiceSSH Pro entitlement usable offline." />
23-->src/main/AndroidManifest.xml:10:53-131
24        <meta-data
24-->src/main/AndroidManifest.xml:11:9-73
25            android:name="xposedminversion"
25-->src/main/AndroidManifest.xml:11:20-51
26            android:value="82" />
26-->src/main/AndroidManifest.xml:11:52-70
27    </application>
28
29</manifest>